MyApplication/app/build/intermediates/manifest_merge_blame_file/debug/processDebugMainManifest/manifest-merger-blame-debug-report.txt
1<?xml version="1.0" encoding="utf-8"?>
2<manifest xmlns:android="http://schemas.android.com/apk/res/android"
3    package="com.example.usedmart"
4    android:versionCode="1"
5    android:versionName="1.0" >
6
7    <uses-sdk
8        android:minSdkVersion="24"
9        android:targetSdkVersion="34" />
10
11    <!-- Although the *SdkVersion is captured in gradle build files, this is required for non gradle builds -->
12    <!-- <uses-sdk android:minSdkVersion="21"/> -->
13    <uses-permission android:name="android.permission.ACCESS_NETWORK_STATE" />
13-->[com.google.firebase:firebase-database:21.0.0] AndroidManifest.xml:22:5-79
13-->[com.google.firebase:firebase-database:21.0.0] AndroidManifest.xml:22:22-76
14    <uses-permission android:name="android.permission.INTERNET" />
14-->[com.google.firebase:firebase-database:21.0.0] AndroidManifest.xml:23:5-67
14-->[com.google.firebase:firebase-database:21.0.0] AndroidManifest.xml:23:22-64
15
16    <permission
16-->[androidx.core:core:1.13.1] AndroidManifest.xml:22:5-24:47
17        android:name="com.example.usedmart.DYNAMIC_RECEIVER_NOT_EXPORTED_PERMISSION"
17-->[androidx.core:core:1.13.1] AndroidManifest.xml:23:9-81
18        android:protectionLevel="signature" />
18-->[androidx.core:core:1.13.1] AndroidManifest.xml:24:9-44
19
20    <uses-permission android:name="com.example.usedmart.DYNAMIC_RECEIVER_NOT_EXPORTED_PERMISSION" />
20-->[androidx.core:core:1.13.1] AndroidManifest.xml:26:5-97
20-->[androidx.core:core:1.13.1] AndroidManifest.xml:26:22-94
21
22    <application
22-->src\main\AndroidManifest.xml:5:5-32:19
23        android:allowBackup="true"
23-->src\main\AndroidManifest.xml:6:9-35
24        android:appComponentFactory="androidx.core.app.CoreComponentFactory"
24-->[androidx.core:core:1.13.1] AndroidManifest.xml:28:18-86
25        android:dataExtractionRules="@xml/data_extraction_rules"
25-->src\main\AndroidManifest.xml:7:9-65
26        android:debuggable="true"
27        android:extractNativeLibs="false"
28        android:fullBackupContent="@xml/backup_rules"
28-->src\main\AndroidManifest.xml:8:9-54
29        android:icon="@mipmap/ic_launcher"
29-->src\main\AndroidManifest.xml:9:9-43
30        android:label="@string/app_name"
30-->src\main\AndroidManifest.xml:10:9-41
31        android:roundIcon="@mipmap/ic_launcher_round"
31-->src\main\AndroidManifest.xml:11:9-54
32        android:supportsRtl="true"
32-->src\main\AndroidManifest.xml:12:9-35
33        android:testOnly="true"
34        android:theme="@style/Theme.UsedMart" >
34-->src\main\AndroidManifest.xml:13:9-46
35        <activity
35-->src\main\AndroidManifest.xml:15:9-17:40
36            android:name="com.example.usedmart.activity.BaseActivity"
36-->src\main\AndroidManifest.xml:16:13-50
37            android:exported="false" />
37-->src\main\AndroidManifest.xml:17:13-37
38        <activity
38-->src\main\AndroidManifest.xml:18:9-26:20
39            android:name="com.example.usedmart.activity.IntroActivity"
39-->src\main\AndroidManifest.xml:19:13-51
40            android:exported="true" >
40-->src\main\AndroidManifest.xml:20:13-36
41            <intent-filter>
41-->src\main\AndroidManifest.xml:21:13-25:29
42                <action android:name="android.intent.action.MAIN" />
42-->src\main\AndroidManifest.xml:22:17-69
42-->src\main\AndroidManifest.xml:22:25-66
43
44                <category android:name="android.intent.category.LAUNCHER" />
44-->src\main\AndroidManifest.xml:24:17-77
44-->src\main\AndroidManifest.xml:24:27-74
45            </intent-filter>
46        </activity>
47        <activity
47-->src\main\AndroidManifest.xml:27:9-31:53
48            android:name="com.example.usedmart.activity.MainActivity"
48-->src\main\AndroidManifest.xml:28:13-50
49            android:exported="true"
49-->src\main\AndroidManifest.xml:29:13-36
50            android:label="@string/app_name"
50-->src\main\AndroidManifest.xml:30:13-45
51            android:theme="@style/Theme.UsedMart" />
51-->src\main\AndroidManifest.xml:31:13-50
52
53        <service
53-->[com.google.firebase:firebase-database:21.0.0] AndroidManifest.xml:26:9-35:19
54            android:name="com.google.firebase.components.ComponentDiscoveryService"
54-->[com.google.firebase:firebase-database:21.0.0] AndroidManifest.xml:27:13-84
55            android:directBootAware="true"
55-->[com.google.firebase:firebase-common:21.0.0] AndroidManifest.xml:32:13-43
56            android:exported="false" >
56-->[com.google.firebase:firebase-database:21.0.0] AndroidManifest.xml:28:13-37
57            <meta-data
57-->[com.google.firebase:firebase-database:21.0.0] AndroidManifest.xml:29:13-31:85
58                android:name="com.google.firebase.components:com.google.firebase.database.FirebaseDatabaseKtxRegistrar"
58-->[com.google.firebase:firebase-database:21.0.0] AndroidManifest.xml:30:17-120
59                android:value="com.google.firebase.components.ComponentRegistrar" />
59-->[com.google.firebase:firebase-database:21.0.0] AndroidManifest.xml:31:17-82
60            <meta-data
60-->[com.google.firebase:firebase-database:21.0.0] AndroidManifest.xml:32:13-34:85
61                android:name="com.google.firebase.components:com.google.firebase.database.DatabaseRegistrar"
61-->[com.google.firebase:firebase-database:21.0.0] AndroidManifest.xml:33:17-109
62                android:value="com.google.firebase.components.ComponentRegistrar" />
62-->[com.google.firebase:firebase-database:21.0.0] AndroidManifest.xml:34:17-82
63            <meta-data
63-->[com.google.firebase:firebase-common-ktx:21.0.0] AndroidManifest.xml:12:13-14:85
64                android:name="com.google.firebase.components:com.google.firebase.ktx.FirebaseCommonLegacyRegistrar"
64-->[com.google.firebase:firebase-common-ktx:21.0.0] AndroidManifest.xml:13:17-116
65                android:value="com.google.firebase.components.ComponentRegistrar" />
65-->[com.google.firebase:firebase-common-ktx:21.0.0] AndroidManifest.xml:14:17-82
66            <meta-data
66-->[com.google.firebase:firebase-common:21.0.0] AndroidManifest.xml:35:13-37:85
67                android:name="com.google.firebase.components:com.google.firebase.FirebaseCommonKtxRegistrar"
67-->[com.google.firebase:firebase-common:21.0.0] AndroidManifest.xml:36:17-109
68                android:value="com.google.firebase.components.ComponentRegistrar" />
68-->[com.google.firebase:firebase-common:21.0.0] AndroidManifest.xml:37:17-82
69        </service>
70
71        <activity
71-->[com.google.android.gms:play-services-base:18.1.0] AndroidManifest.xml:20:9-22:45
72            android:name="com.google.android.gms.common.api.GoogleApiActivity"
72-->[com.google.android.gms:play-services-base:18.1.0] AndroidManifest.xml:20:19-85
73            android:exported="false"
73-->[com.google.android.gms:play-services-base:18.1.0] AndroidManifest.xml:22:19-43
74            android:theme="@android:style/Theme.Translucent.NoTitleBar" />
74-->[com.google.android.gms:play-services-base:18.1.0] AndroidManifest.xml:21:19-78
75
76        <provider
76-->[com.google.firebase:firebase-common:21.0.0] AndroidManifest.xml:23:9-28:39
77            android:name="com.google.firebase.provider.FirebaseInitProvider"
77-->[com.google.firebase:firebase-common:21.0.0] AndroidManifest.xml:24:13-77
78            android:authorities="com.example.usedmart.firebaseinitprovider"
78-->[com.google.firebase:firebase-common:21.0.0] AndroidManifest.xml:25:13-72
79            android:directBootAware="true"
79-->[com.google.firebase:firebase-common:21.0.0] AndroidManifest.xml:26:13-43
80            android:exported="false"
80-->[com.google.firebase:firebase-common:21.0.0] AndroidManifest.xml:27:13-37
81            android:initOrder="100" />
81-->[com.google.firebase:firebase-common:21.0.0] AndroidManifest.xml:28:13-36
82
83        <activity
83-->[androidx.compose.ui:ui-tooling-android:1.6.6] AndroidManifest.xml:23:9-25:39
84            android:name="androidx.compose.ui.tooling.PreviewActivity"
84-->[androidx.compose.ui:ui-tooling-android:1.6.6] AndroidManifest.xml:24:13-71
85            android:exported="true" />
85-->[androidx.compose.ui:ui-tooling-android:1.6.6] AndroidManifest.xml:25:13-36
86        <activity
86-->[androidx.compose.ui:ui-test-manifest:1.6.6] AndroidManifest.xml:23:9-25:39
87            android:name="androidx.activity.ComponentActivity"
87-->[androidx.compose.ui:ui-test-manifest:1.6.6] AndroidManifest.xml:24:13-63
88            android:exported="true" />
88-->[androidx.compose.ui:ui-test-manifest:1.6.6] AndroidManifest.xml:25:13-36
89
90        <provider
90-->[androidx.emoji2:emoji2:1.3.0] AndroidManifest.xml:24:9-32:20
91            android:name="androidx.startup.InitializationProvider"
91-->[androidx.emoji2:emoji2:1.3.0] AndroidManifest.xml:25:13-67
92            android:authorities="com.example.usedmart.androidx-startup"
92-->[androidx.emoji2:emoji2:1.3.0] AndroidManifest.xml:26:13-68
93            android:exported="false" >
93-->[androidx.emoji2:emoji2:1.3.0] AndroidManifest.xml:27:13-37
94            <meta-data
94-->[androidx.emoji2:emoji2:1.3.0] AndroidManifest.xml:29:13-31:52
95                android:name="androidx.emoji2.text.EmojiCompatInitializer"
95-->[androidx.emoji2:emoji2:1.3.0] AndroidManifest.xml:30:17-75
96                android:value="androidx.startup" />
96-->[androidx.emoji2:emoji2:1.3.0] AndroidManifest.xml:31:17-49
97            <meta-data
97-->[androidx.lifecycle:lifecycle-process:2.8.6] AndroidManifest.xml:29:13-31:52
98                android:name="androidx.lifecycle.ProcessLifecycleInitializer"
98-->[androidx.lifecycle:lifecycle-process:2.8.6] AndroidManifest.xml:30:17-78
99                android:value="androidx.startup" />
99-->[androidx.lifecycle:lifecycle-process:2.8.6] AndroidManifest.xml:31:17-49
100            <meta-data
100-->[androidx.profileinstaller:profileinstaller:1.3.1] AndroidManifest.xml:29:13-31:52
101                android:name="androidx.profileinstaller.ProfileInstallerInitializer"
101-->[androidx.profileinstaller:profileinstaller:1.3.1] AndroidManifest.xml:30:17-85
102                android:value="androidx.startup" />
102-->[androidx.profileinstaller:profileinstaller:1.3.1] AndroidManifest.xml:31:17-49
103        </provider>
104
105        <meta-data
105-->[com.google.android.gms:play-services-basement:18.3.0] AndroidManifest.xml:21:9-23:69
106            android:name="com.google.android.gms.version"
106-->[com.google.android.gms:play-services-basement:18.3.0] AndroidManifest.xml:22:13-58
107            android:value="@integer/google_play_services_version" />
107-->[com.google.android.gms:play-services-basement:18.3.0] AndroidManifest.xml:23:13-66
108
109        <receiver
109-->[androidx.profileinstaller:profileinstaller:1.3.1] AndroidManifest.xml:34:9-52:20
110            android:name="androidx.profileinstaller.ProfileInstallReceiver"
110-->[androidx.profileinstaller:profileinstaller:1.3.1] AndroidManifest.xml:35:13-76
111            android:directBootAware="false"
111-->[androidx.profileinstaller:profileinstaller:1.3.1] AndroidManifest.xml:36:13-44
112            android:enabled="true"
112-->[androidx.profileinstaller:profileinstaller:1.3.1] AndroidManifest.xml:37:13-35
113            android:exported="true"
113-->[androidx.profileinstaller:profileinstaller:1.3.1] AndroidManifest.xml:38:13-36
114            android:permission="android.permission.DUMP" >
114-->[androidx.profileinstaller:profileinstaller:1.3.1] AndroidManifest.xml:39:13-57
115            <intent-filter>
115-->[androidx.profileinstaller:profileinstaller:1.3.1] AndroidManifest.xml:40:13-42:29
116                <action android:name="androidx.profileinstaller.action.INSTALL_PROFILE" />
116-->[androidx.profileinstaller:profileinstaller:1.3.1] AndroidManifest.xml:41:17-91
116-->[androidx.profileinstaller:profileinstaller:1.3.1] AndroidManifest.xml:41:25-88
117            </intent-filter>
118            <intent-filter>
118-->[androidx.profileinstaller:profileinstaller:1.3.1] AndroidManifest.xml:43:13-45:29
119                <action android:name="androidx.profileinstaller.action.SKIP_FILE" />
119-->[androidx.profileinstaller:profileinstaller:1.3.1] AndroidManifest.xml:44:17-85
119-->[androidx.profileinstaller:profileinstaller:1.3.1] AndroidManifest.xml:44:25-82
120            </intent-filter>
121            <intent-filter>
121-->[androidx.profileinstaller:profileinstaller:1.3.1] AndroidManifest.xml:46:13-48:29
122                <action android:name="androidx.profileinstaller.action.SAVE_PROFILE" />
122-->[androidx.profileinstaller:profileinstaller:1.3.1] AndroidManifest.xml:47:17-88
122-->[androidx.profileinstaller:profileinstaller:1.3.1] AndroidManifest.xml:47:25-85
123            </intent-filter>
124            <intent-filter>
124-->[androidx.profileinstaller:profileinstaller:1.3.1] AndroidManifest.xml:49:13-51:29
125                <action android:name="androidx.profileinstaller.action.BENCHMARK_OPERATION" />
125-->[androidx.profileinstaller:profileinstaller:1.3.1] AndroidManifest.xml:50:17-95
125-->[androidx.profileinstaller:profileinstaller:1.3.1] AndroidManifest.xml:50:25-92
126            </intent-filter>
127        </receiver>
128    </application>
129
130</manifest>